Построение начато 25.05.2025 22:37:32.
     1>Проект "C:\Users\msalo\OneDrive\Dokument\Visual Studio 2010\Projects\lab06\ClrWfaTaskSolverDllcls\clrWfaTaskSolver\clrWfaTaskSolver.vcxproj" в узле 2 (целевые объекты build).
     1>InitializeBuildStatus:
         Создание "Debug\clrWfaTaskSolver.unsuccessfulbuild", так как было задано "AlwaysCreate".
       GenerateTargetFrameworkMonikerAttribute:
       Целевой объект "GenerateTargetFrameworkMonikerAttribute" пропускается, так как все выходные файлы актуальны по отношению к входным.
       ClCompile:
         Для всех выходных данных обновления не требуется.
         Для всех выходных данных обновления не требуется.
       CoreResGen:
         Отсутствуют ресурсы, устаревшие по отношению к файлам своих источников. Пропуск формирования ресурсов.
       ResourceCompile:
         Для всех выходных данных обновления не требуется.
       Link:
         Для всех выходных данных обновления не требуется.
         clrWfaTaskSolver.vcxproj -> C:\Users\msalo\OneDrive\Dokument\Visual Studio 2010\Projects\lab06\ClrWfaTaskSolverDllcls\Debug\clrWfaTaskSolver.exe
       FinalizeBuildStatus:
         Файл "Debug\clrWfaTaskSolver.unsuccessfulbuild" удаляется.
         Обращение к "Debug\clrWfaTaskSolver.lastbuildstate".
     1>Построение проекта "C:\Users\msalo\OneDrive\Dokument\Visual Studio 2010\Projects\lab06\ClrWfaTaskSolverDllcls\clrWfaTaskSolver\clrWfaTaskSolver.vcxproj" завершено (целевые объекты build).

Построение успешно завершено.

Затраченное время: 00:00:00.07
