Построение начато 17.05.2025 17:29:49.
     1>Проект "C:\Users\ilyak\OneDrive\Desktop\UPRK21-2025\ReshetnyakKI\lab05\СlrKIRLanguage\clrWfaTaskSolver\clrWfaTaskSolver.vcxproj" в узле 2 (целевые объекты build).
     1>InitializeBuildStatus:
         Обращение к "Debug\clrWfaTaskSolver.unsuccessfulbuild".
       GenerateTargetFrameworkMonikerAttribute:
       Целевой объект "GenerateTargetFrameworkMonikerAttribute" пропускается, так как все выходные файлы актуальны по отношению к входным.
       ClCompile:
         C:\Program Files (x86)\Microsoft Visual Studio 10.0\VC\bin\CL.exe /c /AI"C:\Program Files (x86)\Reference Assemblies\Microsoft\Framework\.NETFramework\v4.0" /Zi /clr:pure /nologo /W3 /WX- /Od /Oy- /D WIN32 /D _DEBUG /D _UNICODE /D UNICODE /EHa /MDd /GS /fp:precise /Zc:wchar_t /Zc:forScope /Fo"Debug\\" /Fd"Debug\vc100.pdb" /TP /FU"C:\Program Files (x86)\Reference Assemblies\Microsoft\Framework\.NETFramework\v4.0\System.Core.dll" /FU"C:\Program Files (x86)\Reference Assemblies\Microsoft\Framework\.NETFramework\v4.0\System.Data.dll" /FU"C:\Program Files (x86)\Reference Assemblies\Microsoft\Framework\.NETFramework\v4.0\System.dll" /FU"C:\Program Files (x86)\Reference Assemblies\Microsoft\Framework\.NETFramework\v4.0\System.Drawing.dll" /FU"C:\Program Files (x86)\Reference Assemblies\Microsoft\Framework\.NETFramework\v4.0\System.Windows.Forms.dll" /FU"C:\Program Files (x86)\Reference Assemblies\Microsoft\Framework\.NETFramework\v4.0\System.Xml.dll" /analyze- /errorReport:prompt clrWfaTaskSolver.cpp /clr:nostdlib 
         clrWfaTaskSolver.cpp
     1>c:\users\ilyak\onedrive\desktop\uprk21-2025\reshetnyakki\lab05\сlrkirlanguage\clrwfatasksolver\Form1.h(457): warning C4101: ex: неиспользованная локальная переменная
         Для всех выходных данных обновления не требуется.
       CoreResGen:
         "C:\Program Files (x86)\Microsoft SDKs\Windows\v7.0A\bin\NETFX 4.0 Tools\resgen.exe" /useSourcePath /r:"C:\Program Files (x86)\Reference Assemblies\Microsoft\Framework\.NETFramework\v4.0\System.Core.dll" /r:"C:\Program Files (x86)\Reference Assemblies\Microsoft\Framework\.NETFramework\v4.0\System.Data.dll" /r:"C:\Program Files (x86)\Reference Assemblies\Microsoft\Framework\.NETFramework\v4.0\System.dll" /r:"C:\Program Files (x86)\Reference Assemblies\Microsoft\Framework\.NETFramework\v4.0\System.Drawing.dll" /r:"C:\Program Files (x86)\Reference Assemblies\Microsoft\Framework\.NETFramework\v4.0\System.Windows.Forms.dll" /r:"C:\Program Files (x86)\Reference Assemblies\Microsoft\Framework\.NETFramework\v4.0\System.Xml.dll" /compile Form1.resX,Debug\clrWfaTaskSolver.Form1.resources
         Обрабатывается файл ресурсов "Form1.resX", результирующий объект: "Debug\clrWfaTaskSolver.Form1.resources".
       ResourceCompile:
         Для всех выходных данных обновления не требуется.
       Link:
         C:\Program Files (x86)\Microsoft Visual Studio 10.0\VC\bin\link.exe /ERRORREPORT:PROMPT /OUT:"C:\Users\ilyak\OneDrive\Desktop\UPRK21-2025\ReshetnyakKI\lab05\СlrKIRLanguage\Debug\clrWfaTaskSolver.exe" /INCREMENTAL /NOLOGO /ASSEMBLYRESOURCE:Debug\clrWfaTaskSolver.Form1.resources /MANIFEST /ManifestFile:"Debug\clrWfaTaskSolver.exe.intermediate.manifest" /MANIFESTUAC:"level='asInvoker' uiAccess='false'" /DEBUG /PDB:"C:\Users\ilyak\OneDrive\Desktop\UPRK21-2025\ReshetnyakKI\lab05\СlrKIRLanguage\Debug\clrWfaTaskSolver.pdb" /ASSEMBLYDEBUG /SUBSYSTEM:WINDOWS /TLBID:1 /ENTRY:"main" /DYNAMICBASE /FIXED:NO /NXCOMPAT /MACHINE:X86 Debug\app.res
         Debug\KIRProcess.obj
         Debug\AssemblyInfo.obj
         Debug\clrWfaTaskSolver.obj
         "Debug\.NETFramework,Version=v4.0.AssemblyAttributes.obj"
         clrWfaTaskSolver.vcxproj -> C:\Users\ilyak\OneDrive\Desktop\UPRK21-2025\ReshetnyakKI\lab05\СlrKIRLanguage\Debug\clrWfaTaskSolver.exe
       Manifest:
         C:\Program Files (x86)\Microsoft SDKs\Windows\v7.0A\bin\mt.exe /nologo /verbose /outputresource:"C:\Users\ilyak\OneDrive\Desktop\UPRK21-2025\ReshetnyakKI\lab05\СlrKIRLanguage\Debug\clrWfaTaskSolver.exe;#1" /manifest Debug\clrWfaTaskSolver.exe.intermediate.manifest
       FinalizeBuildStatus:
         Файл "Debug\clrWfaTaskSolver.unsuccessfulbuild" удаляется.
         Обращение к "Debug\clrWfaTaskSolver.lastbuildstate".
     1>Построение проекта "C:\Users\ilyak\OneDrive\Desktop\UPRK21-2025\ReshetnyakKI\lab05\СlrKIRLanguage\clrWfaTaskSolver\clrWfaTaskSolver.vcxproj" завершено (целевые объекты build).

Построение успешно завершено.

Затраченное время: 00:00:02.58
