Построение начато 29.05.2025 16:01:16.
     1>Проект "C:\Users\msalo\OneDrive\Dokument\Visual Studio 2010\Projects\lab06\clrWfaTaskSolver\clrWfaTaskSolver\clrWfaTaskSolver.vcxproj" в узле 2 (целевые объекты build).
     1>InitializeBuildStatus:
         Создание "Debug\clrWfaTaskSolver.unsuccessfulbuild", так как было задано "AlwaysCreate".
       GenerateTargetFrameworkMonikerAttribute:
       Целевой объект "GenerateTargetFrameworkMonikerAttribute" пропускается, так как все выходные файлы актуальны по отношению к входным.
       ClCompile:
         D:\VS\VC\bin\CL.exe /c /AI"C:\Program Files (x86)\Reference Assemblies\Microsoft\Framework\.NETFramework\v4.0" /Zi /clr /nologo /W3 /WX- /Od /Oy- /D WIN32 /D _DEBUG /D _UNICODE /D UNICODE /EHa /MDd /GS /fp:precise /Zc:wchar_t /Zc:forScope /Fo"Debug\\" /Fd"Debug\vc100.pdb" /TP /FU"C:\Program Files (x86)\Reference Assemblies\Microsoft\Framework\.NETFramework\v4.0\System.Core.dll" /FU"C:\Program Files (x86)\Reference Assemblies\Microsoft\Framework\.NETFramework\v4.0\System.Data.dll" /FU"C:\Program Files (x86)\Reference Assemblies\Microsoft\Framework\.NETFramework\v4.0\System.dll" /FU"C:\Program Files (x86)\Reference Assemblies\Microsoft\Framework\.NETFramework\v4.0\System.Drawing.dll" /FU"C:\Program Files (x86)\Reference Assemblies\Microsoft\Framework\.NETFramework\v4.0\System.Windows.Forms.dll" /FU"C:\Program Files (x86)\Reference Assemblies\Microsoft\Framework\.NETFramework\v4.0\System.Xml.dll" /analyze- /errorReport:prompt ..\\..\\IR_Tetrads\\ReversePolishNotation.cpp ..\\..\\Module\\SHASmodule.cpp ..\\..\\Parser_Recursive\\ShiftReduceParser.cpp clrWfaTaskSolver.cpp /clr:nostdlib 
         ReversePolishNotation.cpp
         SHASmodule.cpp
         ShiftReduceParser.cpp
     1>..\\..\\Parser_Recursive\\ShiftReduceParser.cpp(235): warning C4482: использовано нестандартное расширение: перечислитель "ShiftReduceParser::Actions" использован в полном имени
     1>..\\..\\Parser_Recursive\\ShiftReduceParser.cpp(239): warning C4482: использовано нестандартное расширение: перечислитель "ShiftReduceParser::Actions" использован в полном имени
     1>..\\..\\Parser_Recursive\\ShiftReduceParser.cpp(241): warning C4482: использовано нестандартное расширение: перечислитель "ShiftReduceParser::Actions" использован в полном имени
     1>..\\..\\Parser_Recursive\\ShiftReduceParser.cpp(269): warning C4996: 'strcpy': This function or variable may be unsafe. Consider using strcpy_s instead. To disable deprecation, use _CRT_SECURE_NO_WARNINGS. See online help for details.
                 D:\VS\VC\include\string.h(105): см. объявление "strcpy"
     1>..\\..\\Parser_Recursive\\ShiftReduceParser.cpp(295): warning C4996: 'strcpy': This function or variable may be unsafe. Consider using strcpy_s instead. To disable deprecation, use _CRT_SECURE_NO_WARNINGS. See online help for details.
                 D:\VS\VC\include\string.h(105): см. объявление "strcpy"
     1>..\\..\\Parser_Recursive\\ShiftReduceParser.cpp(305): warning C4996: 'strcpy': This function or variable may be unsafe. Consider using strcpy_s instead. To disable deprecation, use _CRT_SECURE_NO_WARNINGS. See online help for details.
                 D:\VS\VC\include\string.h(105): см. объявление "strcpy"
     1>..\\..\\Parser_Recursive\\ShiftReduceParser.cpp(320): warning C4996: 'strcpy': This function or variable may be unsafe. Consider using strcpy_s instead. To disable deprecation, use _CRT_SECURE_NO_WARNINGS. See online help for details.
                 D:\VS\VC\include\string.h(105): см. объявление "strcpy"
     1>..\\..\\Parser_Recursive\\ShiftReduceParser.cpp(359): warning C4996: 'strcpy': This function or variable may be unsafe. Consider using strcpy_s instead. To disable deprecation, use _CRT_SECURE_NO_WARNINGS. See online help for details.
                 D:\VS\VC\include\string.h(105): см. объявление "strcpy"
     1>..\\..\\Parser_Recursive\\ShiftReduceParser.cpp(368): warning C4996: 'strcpy': This function or variable may be unsafe. Consider using strcpy_s instead. To disable deprecation, use _CRT_SECURE_NO_WARNINGS. See online help for details.
                 D:\VS\VC\include\string.h(105): см. объявление "strcpy"
     1>..\\..\\Parser_Recursive\\ShiftReduceParser.cpp(396): warning C4996: 'strcpy': This function or variable may be unsafe. Consider using strcpy_s instead. To disable deprecation, use _CRT_SECURE_NO_WARNINGS. See online help for details.
                 D:\VS\VC\include\string.h(105): см. объявление "strcpy"
     1>..\\..\\Parser_Recursive\\ShiftReduceParser.cpp(404): warning C4996: 'strcpy': This function or variable may be unsafe. Consider using strcpy_s instead. To disable deprecation, use _CRT_SECURE_NO_WARNINGS. See online help for details.
                 D:\VS\VC\include\string.h(105): см. объявление "strcpy"
     1>..\\..\\Parser_Recursive\\ShiftReduceParser.cpp(419): warning C4996: 'strcpy': This function or variable may be unsafe. Consider using strcpy_s instead. To disable deprecation, use _CRT_SECURE_NO_WARNINGS. See online help for details.
                 D:\VS\VC\include\string.h(105): см. объявление "strcpy"
         clrWfaTaskSolver.cpp
         Создание кода...
         Для всех выходных данных обновления не требуется.
       CoreResGen:
         Отсутствуют ресурсы, устаревшие по отношению к файлам своих источников. Пропуск формирования ресурсов.
       ResourceCompile:
         Для всех выходных данных обновления не требуется.
       Link:
         D:\VS\VC\bin\link.exe /ERRORREPORT:PROMPT /OUT:"C:\Users\msalo\OneDrive\Dokument\Visual Studio 2010\Projects\lab06\clrWfaTaskSolver\Debug\clrWfaTaskSolver.exe" /INCREMENTAL /NOLOGO kernel32.lib user32.lib gdi32.lib winspool.lib comdlg32.lib advapi32.lib shell32.lib ole32.lib oleaut32.lib uuid.lib odbc32.lib odbccp32.lib /ASSEMBLYRESOURCE:Debug\clrWfaTaskSolver.Form1.resources /MANIFEST /ManifestFile:"Debug\clrWfaTaskSolver.exe.intermediate.manifest" /MANIFESTUAC:"level='asInvoker' uiAccess='false'" /DEBUG /PDB:"C:\Users\msalo\OneDrive\Dokument\Visual Studio 2010\Projects\lab06\clrWfaTaskSolver\Debug\clrWfaTaskSolver.pdb" /ASSEMBLYDEBUG /SUBSYSTEM:WINDOWS /TLBID:1 /ENTRY:"main" /DYNAMICBASE /FIXED:NO /NXCOMPAT /MACHINE:X86 Debug\app.res
         Debug\SHASmodule.obj
         Debug\TTask.obj
         Debug\TLexem.obj
         Debug\TIdent.obj
         Debug\TLexemList.obj
         Debug\TIdentList.obj
         Debug\ReversePolishNotation.obj
         Debug\ShiftReduceParser.obj
         Debug\AssemblyInfo.obj
         Debug\clrWfaTaskSolver.obj
         "Debug\.NETFramework,Version=v4.0.AssemblyAttributes.obj"
            Создается библиотека C:\Users\msalo\OneDrive\Dokument\Visual Studio 2010\Projects\lab06\clrWfaTaskSolver\Debug\clrWfaTaskSolver.lib и объект C:\Users\msalo\OneDrive\Dokument\Visual Studio 2010\Projects\lab06\clrWfaTaskSolver\Debug\clrWfaTaskSolver.exp
         clrWfaTaskSolver.vcxproj -> C:\Users\msalo\OneDrive\Dokument\Visual Studio 2010\Projects\lab06\clrWfaTaskSolver\Debug\clrWfaTaskSolver.exe
       Manifest:
         C:\Program Files (x86)\Microsoft SDKs\Windows\v7.0A\bin\mt.exe /nologo /verbose /outputresource:"C:\Users\msalo\OneDrive\Dokument\Visual Studio 2010\Projects\lab06\clrWfaTaskSolver\Debug\clrWfaTaskSolver.exe;#1" /manifest Debug\clrWfaTaskSolver.exe.intermediate.manifest
       FinalizeBuildStatus:
         Файл "Debug\clrWfaTaskSolver.unsuccessfulbuild" удаляется.
         Обращение к "Debug\clrWfaTaskSolver.lastbuildstate".
     1>Построение проекта "C:\Users\msalo\OneDrive\Dokument\Visual Studio 2010\Projects\lab06\clrWfaTaskSolver\clrWfaTaskSolver\clrWfaTaskSolver.vcxproj" завершено (целевые объекты build).

Построение успешно завершено.

Затраченное время: 00:00:05.87
